[INFO ] 2021-10-12 20:21:04.040 [main] BaseClass - Opening URL
[INFO ] 2021-10-12 20:21:10.822 [main] BaseClass - logging in
[INFO ] 2021-10-12 20:21:11.076 [main] BaseClass - Cheching Title
[INFO ] 2021-10-12 20:21:11.256 [main] BaseClass - Screenshot Captured
[INFO ] 2021-10-12 20:21:11.259 [main] BaseClass - Logging out
[INFO ] 2021-10-12 20:21:16.665 [main] BaseClass - Logging out
[INFO ] 2021-10-12 21:00:00.616 [main] BaseClass - Opening URL
[INFO ] 2021-10-12 21:00:08.181 [main] BaseClass - logging in
[INFO ] 2021-10-12 21:00:18.608 [main] BaseClass - Logging out
[INFO ] 2021-10-12 21:00:19.735 [main] BaseClass - Logging out
[INFO ] 2021-10-12 21:00:39.555 [main] BaseClass - Opening URL
[INFO ] 2021-10-12 21:00:47.015 [main] BaseClass - logging in
[INFO ] 2021-10-12 21:00:56.416 [main] BaseClass - Logging out
[INFO ] 2021-10-12 21:00:58.921 [main] BaseClass - Logging out
[INFO ] 2021-10-13 08:42:38.883 [main] BaseClass - Opening URL
[INFO ] 2021-10-13 08:42:45.681 [main] BaseClass - logging in
[INFO ] 2021-10-13 08:42:45.943 [main] BaseClass - Cheching Title
[INFO ] 2021-10-13 08:42:46.150 [main] BaseClass - Screenshot Captured
[INFO ] 2021-10-13 08:42:46.154 [main] BaseClass - Logging out
[INFO ] 2021-10-13 08:42:51.228 [main] BaseClass - Logging out
[INFO ] 2021-10-13 08:45:13.009 [main] BaseClass - Opening URL
[INFO ] 2021-10-13 08:45:20.724 [main] BaseClass - logging in
[INFO ] 2021-10-13 08:45:20.979 [main] BaseClass - Cheching Title
[INFO ] 2021-10-13 08:45:20.994 [main] BaseClass - Logging out
[INFO ] 2021-10-13 08:45:26.752 [main] BaseClass - Logging out
[INFO ] 2021-10-13 08:53:57.528 [main] BaseClass - Opening URL
[INFO ] 2021-10-13 08:54:05.336 [main] BaseClass - logging in
[INFO ] 2021-10-13 08:54:05.584 [main] BaseClass - Cheching Title
[INFO ] 2021-10-13 08:54:05.598 [main] BaseClass - Logging out
[INFO ] 2021-10-13 08:54:10.992 [main] BaseClass - logging in
[INFO ] 2021-10-13 08:54:13.827 [main] BaseClass - Logging out
[INFO ] 2021-10-13 08:54:15.590 [main] BaseClass - logging in
[INFO ] 2021-10-13 08:54:18.409 [main] BaseClass - Logging out
[INFO ] 2021-10-13 08:54:20.255 [main] BaseClass - Logging out
[INFO ] 2021-10-13 08:59:10.993 [main] BaseClass - Opening URL
[INFO ] 2021-10-13 08:59:18.639 [main] BaseClass - logging in
[INFO ] 2021-10-13 08:59:25.179 [main] BaseClass - Logging out
[INFO ] 2021-10-13 08:59:26.276 [main] BaseClass - logging in
[INFO ] 2021-10-13 08:59:36.323 [main] BaseClass - Logging out
[INFO ] 2021-10-13 08:59:37.437 [main] BaseClass - Logging out
[INFO ] 2021-10-13 09:00:28.784 [main] BaseClass - Opening URL
[INFO ] 2021-10-13 09:00:36.248 [main] BaseClass - logging in
[INFO ] 2021-10-13 09:00:43.767 [main] BaseClass - Logging out
[INFO ] 2021-10-13 09:00:44.856 [main] BaseClass - logging in
[INFO ] 2021-10-13 09:00:54.950 [main] BaseClass - Logging out
[INFO ] 2021-10-13 09:00:56.056 [main] BaseClass - Logging out
[INFO ] 2021-10-13 09:08:25.090 [main] BaseClass - Opening URL
[INFO ] 2021-10-13 09:08:32.576 [main] BaseClass - logging in
[INFO ] 2021-10-13 09:08:40.369 [main] BaseClass - Logging out
[INFO ] 2021-10-13 09:08:41.465 [main] BaseClass - logging in
[INFO ] 2021-10-13 09:08:51.577 [main] BaseClass - Logging out
[INFO ] 2021-10-13 09:08:52.690 [main] BaseClass - Logging out
[INFO ] 2021-10-13 09:10:41.200 [main] BaseClass - Opening URL
[INFO ] 2021-10-13 09:10:47.962 [main] BaseClass - logging in
[INFO ] 2021-10-13 09:10:55.656 [main] BaseClass - Logging out
[INFO ] 2021-10-13 09:10:57.831 [main] BaseClass - Logging out
[INFO ] 2021-10-13 09:20:19.818 [main] BaseClass - Opening URL
[INFO ] 2021-10-13 09:20:27.215 [main] BaseClass - logging in
[INFO ] 2021-10-13 09:20:27.462 [main] BaseClass - Cheching Title
[INFO ] 2021-10-13 09:20:27.476 [main] BaseClass - Logging out
[INFO ] 2021-10-13 09:20:33.225 [main] BaseClass - logging in
[INFO ] 2021-10-13 09:20:36.095 [main] BaseClass - Logging out
[INFO ] 2021-10-13 09:20:37.882 [main] BaseClass - logging in
[INFO ] 2021-10-13 09:20:40.700 [main] BaseClass - Logging out
[INFO ] 2021-10-13 09:20:42.595 [main] BaseClass - Logging out
[INFO ] 2021-10-13 09:26:44.252 [main] BaseClass - Opening URL
[INFO ] 2021-10-13 09:26:51.527 [main] BaseClass - logging in
[INFO ] 2021-10-13 09:26:51.781 [main] BaseClass - Cheching Title
[INFO ] 2021-10-13 09:26:51.794 [main] BaseClass - Logging out
[INFO ] 2021-10-13 09:26:57.216 [main] BaseClass - logging in
[INFO ] 2021-10-13 09:27:00.187 [main] BaseClass - Logging out
[INFO ] 2021-10-13 09:27:01.982 [main] BaseClass - logging in
[INFO ] 2021-10-13 09:27:04.702 [main] BaseClass - Logging out
[INFO ] 2021-10-13 09:27:06.497 [main] BaseClass - logging in
[INFO ] 2021-10-13 09:27:09.147 [main] BaseClass - Logging out
[INFO ] 2021-10-13 09:27:10.925 [main] BaseClass - logging in
[INFO ] 2021-10-13 09:27:13.548 [main] BaseClass - Logging out
[INFO ] 2021-10-13 09:27:15.391 [main] BaseClass - Logging out
[INFO ] 2021-10-13 09:32:07.795 [main] BaseClass - Opening URL
[INFO ] 2021-10-13 09:32:15.065 [main] BaseClass - logging in
[INFO ] 2021-10-13 09:32:19.959 [main] BaseClass - Logging out
[INFO ] 2021-10-13 09:32:21.546 [main] BaseClass - logging in
[INFO ] 2021-10-13 09:32:24.815 [main] BaseClass - Logging out
[INFO ] 2021-10-13 09:32:26.654 [main] BaseClass - logging in
[INFO ] 2021-10-13 09:32:26.824 [main] BaseClass - Cheching Title
[INFO ] 2021-10-13 09:32:26.835 [main] BaseClass - Logging out
[INFO ] 2021-10-13 09:32:31.713 [main] BaseClass - logging in
[INFO ] 2021-10-13 09:32:34.528 [main] BaseClass - Logging out
[INFO ] 2021-10-13 09:32:36.405 [main] BaseClass - logging in
[INFO ] 2021-10-13 09:32:39.196 [main] BaseClass - Logging out
[INFO ] 2021-10-13 09:32:41.058 [main] BaseClass - Logging out
[INFO ] 2021-10-13 09:34:29.906 [main] BaseClass - Opening URL
[INFO ] 2021-10-13 09:34:36.536 [main] BaseClass - logging in
[INFO ] 2021-10-13 09:34:44.751 [main] BaseClass - Logging out
[INFO ] 2021-10-13 09:34:47.065 [main] BaseClass - logging in
[INFO ] 2021-10-13 09:34:52.660 [main] BaseClass - Logging out
[INFO ] 2021-10-13 09:34:54.197 [main] BaseClass - Logging out
[INFO ] 2021-10-13 09:38:20.759 [main] BaseClass - Opening URL
[INFO ] 2021-10-13 09:38:26.365 [main] BaseClass - logging in
[INFO ] 2021-10-13 09:38:34.111 [main] BaseClass - Logging out
[INFO ] 2021-10-13 09:38:35.255 [main] BaseClass - logging in
[INFO ] 2021-10-13 09:38:45.333 [main] BaseClass - Logging out
[INFO ] 2021-10-13 09:38:46.454 [main] BaseClass - Logging out
[INFO ] 2021-10-13 09:38:47.708 [main] BaseClass - Opening URL
[INFO ] 2021-10-13 09:38:53.480 [main] BaseClass - logging in
[INFO ] 2021-10-13 09:39:03.222 [main] BaseClass - Logging out
[INFO ] 2021-10-13 09:39:05.843 [main] BaseClass - Logging out
[INFO ] 2021-10-13 09:39:06.943 [main] BaseClass - Opening URL
[INFO ] 2021-10-13 09:39:13.327 [main] BaseClass - logging in
[INFO ] 2021-10-13 09:39:17.291 [main] BaseClass - Logging out
[INFO ] 2021-10-13 09:39:18.651 [main] BaseClass - logging in
[INFO ] 2021-10-13 09:39:21.176 [main] BaseClass - Logging out
[INFO ] 2021-10-13 09:39:22.867 [main] BaseClass - logging in
[INFO ] 2021-10-13 09:39:23.038 [main] BaseClass - Cheching Title
[INFO ] 2021-10-13 09:39:23.067 [main] BaseClass - Logging out
[INFO ] 2021-10-13 09:39:27.021 [main] BaseClass - logging in
[INFO ] 2021-10-13 09:39:29.532 [main] BaseClass - Logging out
[INFO ] 2021-10-13 09:39:31.236 [main] BaseClass - logging in
[INFO ] 2021-10-13 09:39:33.749 [main] BaseClass - Logging out
[INFO ] 2021-10-13 09:39:35.419 [main] BaseClass - Logging out
[INFO ] 2021-10-13 09:40:49.085 [main] BaseClass - Opening URL
[INFO ] 2021-10-13 09:40:56.078 [main] BaseClass - logging in
[INFO ] 2021-10-13 09:41:04.911 [main] BaseClass - Logging out
[INFO ] 2021-10-13 09:41:07.396 [main] BaseClass - Logging out
[INFO ] 2021-10-13 10:35:03.216 [main] BaseClass - Opening URL
[INFO ] 2021-10-13 10:35:09.512 [main] BaseClass - logging in
[INFO ] 2021-10-13 10:35:18.971 [main] BaseClass - Logging out
[INFO ] 2021-10-13 10:35:21.823 [main] BaseClass - Logging out
[INFO ] 2021-10-13 10:35:23.061 [main] BaseClass - Opening URL
[INFO ] 2021-10-13 10:35:29.607 [main] BaseClass - logging in
[INFO ] 2021-10-13 10:35:38.087 [main] BaseClass - Logging out
[INFO ] 2021-10-13 10:35:40.406 [main] BaseClass - logging in
[INFO ] 2021-10-13 10:35:45.979 [main] BaseClass - Logging out
[INFO ] 2021-10-13 10:35:47.118 [main] BaseClass - Logging out
[INFO ] 2021-10-13 10:35:48.207 [main] BaseClass - Opening URL
[INFO ] 2021-10-13 10:35:55.567 [main] BaseClass - logging in
[INFO ] 2021-10-13 10:36:00.156 [main] BaseClass - Logging out
[INFO ] 2021-10-13 10:36:01.825 [main] BaseClass - logging in
[INFO ] 2021-10-13 10:36:04.810 [main] BaseClass - Logging out
[INFO ] 2021-10-13 10:36:06.651 [main] BaseClass - logging in
[INFO ] 2021-10-13 10:36:06.810 [main] BaseClass - Cheching Title
[INFO ] 2021-10-13 10:36:06.821 [main] BaseClass - Logging out
[INFO ] 2021-10-13 10:36:11.466 [main] BaseClass - logging in
[INFO ] 2021-10-13 10:36:14.299 [main] BaseClass - Logging out
[INFO ] 2021-10-13 10:36:16.182 [main] BaseClass - logging in
[INFO ] 2021-10-13 10:36:19.098 [main] BaseClass - Logging out
[INFO ] 2021-10-13 10:36:21.013 [main] BaseClass - Logging out
[INFO ] 2021-10-13 10:48:05.026 [main] BaseClass - Opening URL
[INFO ] 2021-10-13 10:48:11.323 [main] BaseClass - logging in
[INFO ] 2021-10-13 10:48:20.543 [main] BaseClass - Logging out
[INFO ] 2021-10-13 10:48:23.112 [main] BaseClass - Logging out
[INFO ] 2021-10-13 10:48:24.278 [main] BaseClass - Opening URL
[INFO ] 2021-10-13 10:48:30.614 [main] BaseClass - logging in
[INFO ] 2021-10-13 10:48:39.078 [main] BaseClass - Logging out
[INFO ] 2021-10-13 10:48:41.556 [main] BaseClass - logging in
[INFO ] 2021-10-13 10:48:47.607 [main] BaseClass - Logging out
[INFO ] 2021-10-13 10:48:48.757 [main] BaseClass - Logging out
[INFO ] 2021-10-13 10:48:49.898 [main] BaseClass - Opening URL
[INFO ] 2021-10-13 10:48:55.597 [main] BaseClass - logging in
[INFO ] 2021-10-13 10:48:59.880 [main] BaseClass - Logging out
[INFO ] 2021-10-13 10:49:01.626 [main] BaseClass - logging in
[INFO ] 2021-10-13 10:49:04.287 [main] BaseClass - Logging out
[INFO ] 2021-10-13 10:49:05.915 [main] BaseClass - logging in
[INFO ] 2021-10-13 10:49:06.081 [main] BaseClass - Cheching Title
[INFO ] 2021-10-13 10:49:06.108 [main] BaseClass - Logging out
[INFO ] 2021-10-13 10:49:10.086 [main] BaseClass - logging in
[INFO ] 2021-10-13 10:49:12.586 [main] BaseClass - Logging out
[INFO ] 2021-10-13 10:49:14.351 [main] BaseClass - logging in
[INFO ] 2021-10-13 10:49:16.859 [main] BaseClass - Logging out
[INFO ] 2021-10-13 10:49:18.544 [main] BaseClass - Logging out
[INFO ] 2021-10-13 11:00:43.498 [main] BaseClass - Opening URL
[INFO ] 2021-10-13 11:00:49.758 [main] BaseClass - logging in
[INFO ] 2021-10-13 11:00:53.920 [main] BaseClass - Logging out
[INFO ] 2021-10-13 11:00:55.292 [main] BaseClass - logging in
[INFO ] 2021-10-13 11:00:57.916 [main] BaseClass - Logging out
[INFO ] 2021-10-13 11:00:59.616 [main] BaseClass - logging in
[INFO ] 2021-10-13 11:01:02.398 [main] BaseClass - Logging out
[INFO ] 2021-10-13 11:01:04.170 [main] BaseClass - Logging out
[INFO ] 2021-10-13 11:18:43.390 [main] BaseClass - Opening URL
[INFO ] 2021-10-13 11:18:49.971 [main] BaseClass - logging in
[INFO ] 2021-10-13 11:18:50.296 [main] BaseClass - Logging out
[INFO ] 2021-10-13 11:18:55.205 [main] BaseClass - logging in
[INFO ] 2021-10-13 11:18:55.372 [main] BaseClass - Logging out
[INFO ] 2021-10-13 11:18:59.547 [main] BaseClass - logging in
[INFO ] 2021-10-13 11:19:02.488 [main] BaseClass - Logging out
[INFO ] 2021-10-13 11:19:04.261 [main] BaseClass - logging in
[INFO ] 2021-10-13 11:19:06.845 [main] BaseClass - Logging out
[INFO ] 2021-10-13 11:19:08.566 [main] BaseClass - logging in
[INFO ] 2021-10-13 11:19:08.770 [main] BaseClass - Logging out
[INFO ] 2021-10-13 11:19:12.943 [main] BaseClass - logging in
[INFO ] 2021-10-13 11:19:15.780 [main] BaseClass - Logging out
[INFO ] 2021-10-13 11:19:17.522 [main] BaseClass - logging in
[INFO ] 2021-10-13 11:19:20.397 [main] BaseClass - Logging out
[INFO ] 2021-10-13 11:19:22.133 [main] BaseClass - Logging out
[INFO ] 2021-10-18 20:11:24.732 [main] BaseClass - Opening URL
[INFO ] 2021-10-18 20:11:31.689 [main] BaseClass - logging in
[INFO ] 2021-10-18 20:11:31.945 [main] BaseClass - Logging out
[INFO ] 2021-10-18 20:11:37.284 [main] BaseClass - logging in
[INFO ] 2021-10-18 20:11:37.459 [main] BaseClass - Logging out
[INFO ] 2021-10-18 20:11:41.902 [main] BaseClass - logging in
[INFO ] 2021-10-18 20:11:44.714 [main] BaseClass - Logging out
[INFO ] 2021-10-18 20:11:46.447 [main] BaseClass - logging in
[INFO ] 2021-10-18 20:11:49.240 [main] BaseClass - Logging out
[INFO ] 2021-10-18 20:11:51.067 [main] BaseClass - logging in
[INFO ] 2021-10-18 20:11:51.241 [main] BaseClass - Logging out
[INFO ] 2021-10-18 20:11:55.659 [main] BaseClass - logging in
[INFO ] 2021-10-18 20:11:58.470 [main] BaseClass - Logging out
[INFO ] 2021-10-18 20:12:00.270 [main] BaseClass - logging in
[INFO ] 2021-10-18 20:12:03.146 [main] BaseClass - Logging out
[INFO ] 2021-10-18 20:12:05.013 [main] BaseClass - Logging out
[INFO ] 2021-11-08 17:22:06.659 [main] BaseClass - Opening URL
[INFO ] 2021-11-08 17:22:14.143 [main] BaseClass - logging in
[INFO ] 2021-11-08 17:22:18.478 [main] BaseClass - Logging out
[INFO ] 2021-11-08 17:22:19.854 [main] BaseClass - logging in
[INFO ] 2021-11-08 17:22:22.387 [main] BaseClass - Logging out
[INFO ] 2021-11-08 17:22:24.312 [main] BaseClass - logging in
[INFO ] 2021-11-08 17:22:26.857 [main] BaseClass - Logging out
[INFO ] 2021-11-08 17:22:28.581 [main] BaseClass - Logging out
[INFO ] 2021-11-18 09:52:28.803 [TestNG-test=Test1-1] BaseClass - Opening URL
[INFO ] 2021-11-18 09:52:35.599 [TestNG-test=Test1-1] BaseClass - logging in
[INFO ] 2021-11-18 09:52:35.599 [TestNG-test=Test1-2] BaseClass - logging in
[INFO ] 2021-11-18 09:52:35.908 [TestNG-test=Test1-2] BaseClass - Logging out
[INFO ] 2021-11-18 09:52:35.932 [TestNG-test=Test1-1] BaseClass - Logging out
[INFO ] 2021-11-18 09:52:45.970 [TestNG-test=Test1-2] BaseClass - logging in
[INFO ] 2021-11-18 09:52:52.437 [TestNG-test=Test1-1] BaseClass - logging in
[INFO ] 2021-11-18 09:52:52.446 [TestNG-test=Test1-2] BaseClass - Logging out
[INFO ] 2021-11-18 09:52:52.477 [TestNG-test=Test1-1] BaseClass - Logging out
[INFO ] 2021-11-18 09:52:52.489 [TestNG-test=Test1-1] BaseClass - Logging out
[INFO ] 2021-11-25 14:07:06.265 [main] BaseClass - logging in
[INFO ] 2021-11-25 14:07:06.320 [main] BaseClass - Logging out
[INFO ] 2021-11-25 14:07:06.331 [main] BaseClass - logging in
[INFO ] 2021-11-25 14:07:06.340 [main] BaseClass - Logging out
[INFO ] 2021-11-25 14:07:06.345 [main] BaseClass - logging in
[INFO ] 2021-11-25 14:07:06.354 [main] BaseClass - Logging out
[INFO ] 2021-11-25 14:07:06.362 [main] BaseClass - Logging out
[INFO ] 2021-11-25 14:08:04.308 [main] BaseClass - logging in
[INFO ] 2021-11-25 14:08:04.354 [main] BaseClass - Logging out
[INFO ] 2021-11-25 14:08:04.365 [main] BaseClass - logging in
[INFO ] 2021-11-25 14:08:04.375 [main] BaseClass - Logging out
[INFO ] 2021-11-25 14:08:04.380 [main] BaseClass - Logging out
[INFO ] 2021-12-22 08:39:53.428 [main] BaseClass - logging in
[INFO ] 2021-12-22 08:39:53.471 [main] BaseClass - Logging out
[INFO ] 2021-12-22 08:39:53.481 [main] BaseClass - logging in
[INFO ] 2021-12-22 08:39:53.489 [main] BaseClass - Logging out
[INFO ] 2021-12-22 08:39:53.494 [main] BaseClass - logging in
[INFO ] 2021-12-22 08:39:53.502 [main] BaseClass - Logging out
[INFO ] 2021-12-22 08:39:53.506 [main] BaseClass - logging in
[INFO ] 2021-12-22 08:39:53.512 [main] BaseClass - Logging out
[INFO ] 2021-12-22 08:39:53.516 [main] BaseClass - logging in
[INFO ] 2021-12-22 08:39:53.524 [main] BaseClass - Logging out
[INFO ] 2021-12-22 08:39:53.527 [main] BaseClass - logging in
[INFO ] 2021-12-22 08:39:53.534 [main] BaseClass - Logging out
[INFO ] 2021-12-22 08:39:53.539 [main] BaseClass - logging in
[INFO ] 2021-12-22 08:39:53.546 [main] BaseClass - Logging out
[INFO ] 2021-12-22 08:39:53.551 [main] BaseClass - Logging out
[INFO ] 2021-12-22 08:45:25.430 [main] BaseClass - logging in
[INFO ] 2021-12-22 08:45:25.468 [main] BaseClass - Logging out
[INFO ] 2021-12-22 08:45:25.475 [main] BaseClass - logging in
[INFO ] 2021-12-22 08:45:25.483 [main] BaseClass - Logging out
[INFO ] 2021-12-22 08:45:25.488 [main] BaseClass - logging in
[INFO ] 2021-12-22 08:45:25.495 [main] BaseClass - Logging out
[INFO ] 2021-12-22 08:45:25.499 [main] BaseClass - logging in
[INFO ] 2021-12-22 08:45:25.505 [main] BaseClass - Logging out
[INFO ] 2021-12-22 08:45:25.511 [main] BaseClass - logging in
[INFO ] 2021-12-22 08:45:25.520 [main] BaseClass - Logging out
[INFO ] 2021-12-22 08:45:25.525 [main] BaseClass - logging in
[INFO ] 2021-12-22 08:45:25.533 [main] BaseClass - Logging out
[INFO ] 2021-12-22 08:45:25.537 [main] BaseClass - logging in
[INFO ] 2021-12-22 08:45:25.545 [main] BaseClass - Logging out
[INFO ] 2021-12-22 08:45:25.548 [main] BaseClass - Logging out
[INFO ] 2021-12-22 08:45:36.079 [main] BaseClass - logging in
[INFO ] 2021-12-22 08:45:36.118 [main] BaseClass - Logging out
[INFO ] 2021-12-22 08:45:36.125 [main] BaseClass - logging in
[INFO ] 2021-12-22 08:45:36.132 [main] BaseClass - Logging out
[INFO ] 2021-12-22 08:45:36.137 [main] BaseClass - Logging out
[INFO ] 2021-12-22 16:55:59.933 [main] BaseClass - logging in
[INFO ] 2021-12-22 16:55:59.979 [main] BaseClass - Logging out
[INFO ] 2021-12-22 16:55:59.988 [main] BaseClass - logging in
[INFO ] 2021-12-22 16:55:59.995 [main] BaseClass - Logging out
[INFO ] 2021-12-22 16:56:00.001 [main] BaseClass - logging in
[INFO ] 2021-12-22 16:56:00.009 [main] BaseClass - Logging out
[INFO ] 2021-12-22 16:56:00.014 [main] BaseClass - logging in
[INFO ] 2021-12-22 16:56:00.032 [main] BaseClass - Logging out
[INFO ] 2021-12-22 16:56:00.038 [main] BaseClass - logging in
[INFO ] 2021-12-22 16:56:00.047 [main] BaseClass - Logging out
[INFO ] 2021-12-22 16:56:00.051 [main] BaseClass - logging in
[INFO ] 2021-12-22 16:56:00.056 [main] BaseClass - Logging out
[INFO ] 2021-12-22 16:56:00.060 [main] BaseClass - logging in
[INFO ] 2021-12-22 16:56:00.066 [main] BaseClass - Logging out
[INFO ] 2021-12-22 16:56:00.071 [main] BaseClass - Logging out
[INFO ] 2021-12-29 10:21:48.222 [main] BaseClass - logging in
[INFO ] 2021-12-29 10:21:48.281 [main] BaseClass - Logging out
[INFO ] 2021-12-29 10:21:48.291 [main] BaseClass - logging in
[INFO ] 2021-12-29 10:21:48.307 [main] BaseClass - Logging out
[INFO ] 2021-12-29 10:21:48.314 [main] BaseClass - logging in
[INFO ] 2021-12-29 10:21:48.327 [main] BaseClass - Logging out
[INFO ] 2021-12-29 10:21:48.331 [main] BaseClass - logging in
[INFO ] 2021-12-29 10:21:48.340 [main] BaseClass - Logging out
[INFO ] 2021-12-29 10:21:48.345 [main] BaseClass - logging in
[INFO ] 2021-12-29 10:21:48.355 [main] BaseClass - Logging out
[INFO ] 2021-12-29 10:21:48.360 [main] BaseClass - logging in
[INFO ] 2021-12-29 10:21:48.367 [main] BaseClass - Logging out
[INFO ] 2021-12-29 10:21:48.370 [main] BaseClass - logging in
[INFO ] 2021-12-29 10:21:48.377 [main] BaseClass - Logging out
[INFO ] 2021-12-29 10:21:48.383 [main] BaseClass - Logging out
